{"level":"info","message":"Starting Nest application...","timestamp":"2024-12-26T04:12:03.299Z"}
{"level":"info","message":"MongooseModule dependencies initialized","timestamp":"2024-12-26T04:12:03.311Z"}
{"level":"info","message":"ConfigHostModule dependencies initialized","timestamp":"2024-12-26T04:12:03.311Z"}
{"level":"info","message":"AppModule dependencies initialized","timestamp":"2024-12-26T04:12:03.312Z"}
{"level":"info","message":"ServeStaticModule dependencies initialized","timestamp":"2024-12-26T04:12:03.312Z"}
{"level":"info","message":"ConfigModule dependencies initialized","timestamp":"2024-12-26T04:12:03.312Z"}
{"level":"info","message":"ConfigModule dependencies initialized","timestamp":"2024-12-26T04:12:03.312Z"}
{"level":"error","message":"Unable to connect to the database. Retrying (1)...","timestamp":"2024-12-26T04:12:03.317Z"}
{"level":"error","message":"Unable to connect to the database. Retrying (2)...","timestamp":"2024-12-26T04:12:06.320Z"}
{"level":"error","message":"Unable to connect to the database. Retrying (3)...","timestamp":"2024-12-26T04:12:09.330Z"}
{"level":"error","message":"Unable to connect to the database. Retrying (4)...","timestamp":"2024-12-26T04:12:12.345Z"}
{"level":"error","message":"Unable to connect to the database. Retrying (5)...","timestamp":"2024-12-26T04:12:15.347Z"}
{"level":"error","message":"Unable to connect to the database. Retrying (6)...","timestamp":"2024-12-26T04:12:18.356Z"}
{"level":"error","message":"Unable to connect to the database. Retrying (7)...","timestamp":"2024-12-26T04:12:21.371Z"}
{"level":"error","message":"Unable to connect to the database. Retrying (8)...","timestamp":"2024-12-26T04:12:24.375Z"}
{"level":"error","message":"Unable to connect to the database. Retrying (9)...","timestamp":"2024-12-26T04:12:27.387Z"}
{"level":"info","message":"Starting Nest application...","timestamp":"2024-12-26T04:12:51.334Z"}
{"level":"info","message":"MongooseModule dependencies initialized","timestamp":"2024-12-26T04:12:51.348Z"}
{"level":"info","message":"ConfigHostModule dependencies initialized","timestamp":"2024-12-26T04:12:51.348Z"}
{"level":"info","message":"AppModule dependencies initialized","timestamp":"2024-12-26T04:12:51.349Z"}
{"level":"info","message":"ServeStaticModule dependencies initialized","timestamp":"2024-12-26T04:12:51.349Z"}
{"level":"info","message":"ConfigModule dependencies initialized","timestamp":"2024-12-26T04:12:51.349Z"}
{"level":"info","message":"ConfigModule dependencies initialized","timestamp":"2024-12-26T04:12:51.349Z"}
{"level":"info","message":"MongooseCoreModule dependencies initialized","timestamp":"2024-12-26T04:12:51.377Z"}
{"level":"info","message":"MongooseModule dependencies initialized","timestamp":"2024-12-26T04:12:51.381Z"}
{"level":"info","message":"HeroesModule dependencies initialized","timestamp":"2024-12-26T04:12:51.384Z"}
{"level":"info","message":"AppController {/}:","timestamp":"2024-12-26T04:12:51.403Z"}
{"level":"info","message":"Mapped {/api/information, GET} route","timestamp":"2024-12-26T04:12:51.405Z"}
{"level":"info","message":"HeroesController {/}:","timestamp":"2024-12-26T04:12:51.405Z"}
{"level":"info","message":"Mapped {/api/heroes/:id, GET} route","timestamp":"2024-12-26T04:12:51.406Z"}
{"level":"info","message":"Mapped {/api/search/heroes, GET} route","timestamp":"2024-12-26T04:12:51.406Z"}
{"level":"info","message":"Mapped {/api/hero, POST} route","timestamp":"2024-12-26T04:12:51.407Z"}
{"level":"info","message":"Nest application successfully started","timestamp":"2024-12-26T04:12:51.409Z"}
